2024-11-25 02:26:52,860 [INFO] LogOutputStream:77 - [STDOUT_REDIRECT] 
2024-11-25 02:26:54,191 [INFO] ProjectBuilder:5097 - Time for Generating toolchain IDE Files: 2181mS.
2024-11-25 02:26:54,192 [INFO] ProjectBuilder:3107 - Time for Copy CMSIS : 0mS.
2024-11-25 02:26:54,193 [INFO] ProjectBuilder:3107 - Time for Copy CMSIS : 0mS.
2024-11-25 02:39:05,286 [INFO] UtilMem:75 - End SaveConfig() Used Memory: 309446840 Bytes (545259520)
2024-11-25 02:39:05,329 [INFO] UtilMem:75 - End SaveConfig() Used Memory: 324533664 Bytes (545259520)
2024-11-25 02:39:05,695 [INFO] UtilMem:75 - End SaveConfig() Used Memory: 378091880 Bytes (545259520)
2024-11-25 02:39:05,822 [INFO] BlockDiagram:2766 - set Specific Code input for plugin: NVIC
2024-11-25 02:39:05,822 [INFO] BlockDiagram:2766 - set Specific Code input for plugin: USART
2024-11-25 02:39:05,822 [INFO] BlockDiagram:2766 - set Specific Code input for plugin: TIM1_8
2024-11-25 02:39:05,822 [INFO] BlockDiagram:2766 - set Specific Code input for plugin: SYS
2024-11-25 02:39:05,822 [INFO] BlockDiagram:2766 - set Specific Code input for plugin: GPIO
2024-11-25 02:39:05,822 [INFO] BlockDiagram:2766 - set Specific Code input for plugin: RCC
2024-11-25 02:39:05,823 [INFO] CodeGenerator:807 - code generatio: config db path: C:\ST\STM32CubeIDE_1.16.1\STM32CubeIDE\plugins\com.st.stm32cube.common.mx_6.12.1.202409122256\\db\
2024-11-25 02:39:05,869 [INFO] CodeEngine:255 - oldGeneratedFile, C:\Users\Leo\STM32CubeIDE\ECE_198\Input\MXTmpFiles\license.tmp_save
2024-11-25 02:39:05,930 [INFO] CodeEngine:279 - Generated code: C:\Users\Leo\STM32CubeIDE\ECE_198\Input\MXTmpFiles\license.tmp
2024-11-25 02:39:05,952 [INFO] CodeEngine:255 - oldGeneratedFile, C:\Users\Leo\STM32CubeIDE\ECE_198\Input\MXTmpFiles\gpio.tmp_save
2024-11-25 02:39:06,010 [INFO] CodeEngine:279 - Generated code: C:\Users\Leo\STM32CubeIDE\ECE_198\Input\MXTmpFiles\gpio.tmp
2024-11-25 02:39:06,106 [INFO] CodeEngine:255 - oldGeneratedFile, C:\Users\Leo\STM32CubeIDE\ECE_198\Input\Core\Src\stm32f4xx_it.c_save
2024-11-25 02:39:06,155 [INFO] CodeEngine:279 - Generated code: C:\Users\Leo\STM32CubeIDE\ECE_198\Input\Core\Src\stm32f4xx_it.c
2024-11-25 02:39:06,167 [INFO] CodeEngine:255 - oldGeneratedFile, C:\Users\Leo\STM32CubeIDE\ECE_198\Input\Core\Inc\stm32f4xx_it.h_save
2024-11-25 02:39:06,221 [INFO] CodeEngine:279 - Generated code: C:\Users\Leo\STM32CubeIDE\ECE_198\Input\Core\Inc\stm32f4xx_it.h
2024-11-25 02:39:06,236 [INFO] CodeEngine:255 - oldGeneratedFile, C:\Users\Leo\STM32CubeIDE\ECE_198\Input\Core\Src\stm32f4xx_hal_msp.c_save
2024-11-25 02:39:06,297 [INFO] CodeEngine:279 - Generated code: C:\Users\Leo\STM32CubeIDE\ECE_198\Input\Core\Src\stm32f4xx_hal_msp.c
2024-11-25 02:39:06,300 [INFO] CodeEngine:255 - oldGeneratedFile, C:\Users\Leo\STM32CubeIDE\ECE_198\Input\MXTmpFiles\system.tmp_save
2024-11-25 02:39:06,340 [INFO] CodeEngine:279 - Generated code: C:\Users\Leo\STM32CubeIDE\ECE_198\Input\MXTmpFiles\system.tmp
2024-11-25 02:39:06,354 [INFO] CodeEngine:311 - oldGeneratedFile, C:\Users\Leo\STM32CubeIDE\ECE_198\Input\Core\Inc\stm32f4xx_hal_conf.h_save
2024-11-25 02:39:06,423 [INFO] CodeEngine:335 - Generated code: C:\Users\Leo\STM32CubeIDE\ECE_198\Input\Core\Inc\stm32f4xx_hal_conf.h
2024-11-25 02:39:06,446 [WARN] IPConfigManager:3554 - IP not found : TIM
2024-11-25 02:39:06,447 [WARN] CodeGenerator:4002 - IP not found : null
2024-11-25 02:39:06,459 [INFO] CodeEngine:255 - oldGeneratedFile, C:\Users\Leo\STM32CubeIDE\ECE_198\Input\Core\Inc\main.h_save
2024-11-25 02:39:06,512 [INFO] CodeEngine:279 - Generated code: C:\Users\Leo\STM32CubeIDE\ECE_198\Input\Core\Inc\main.h
2024-11-25 02:39:06,524 [INFO] CodeEngine:255 - oldGeneratedFile, C:\Users\Leo\STM32CubeIDE\ECE_198\Input\Core\Src\main.c_save
2024-11-25 02:39:06,609 [INFO] CodeEngine:279 - Generated code: C:\Users\Leo\STM32CubeIDE\ECE_198\Input\Core\Src\main.c
2024-11-25 02:39:06,863 [INFO] ProjectBuilder:3249 - Time for Copy HAL[1] : 125mS.
2024-11-25 02:39:06,865 [INFO] ProjectBuilder:4828 - Project Generator version: 4.5.0-B34
2024-11-25 02:39:06,910 [INFO] ConfigFileManager:1531 - The Die is : DIE433
2024-11-25 02:39:07,353 [INFO] ProjectBuilder:5097 - Time for Generating toolchain IDE Files: 487mS.
2024-11-25 02:39:07,353 [INFO] ProjectBuilder:3107 - Time for Copy CMSIS : 0mS.
2024-11-25 02:39:07,355 [INFO] ProjectBuilder:3107 - Time for Copy CMSIS : 0mS.
2024-11-25 03:58:30,098 [ERROR] LogOutputStream:75 - [STDERR_REDIRECT] 
2024-11-25 03:58:30,099 [ERROR] LogOutputStream:75 - [STDERR_REDIRECT] 
2024-11-25 04:00:06,358 [INFO] Activator:176 - 


2024-11-25 04:00:06,360 [INFO] Activator:177 - !SESSION log4j initialized
2024-11-25 04:00:11,446 [INFO] LogOutputStream:77 - [STDOUT_REDIRECT] 
